[13-Aug-2024 13:07:27 UTC] PHP Deprecated:  Creation of dynamic property WP2StaticGuzzleHttp\Handler\CurlMultiHandler::$_mh is deprecated in C:\Xamppp\htdocs\wordpress\wp-content\plugins\wp2static\vendor\leonstafford\wp2staticguzzle\src\Handler\CurlMultiHandler.php on line 103
[13-Aug-2024 13:07:45 UTC] PHP Fatal error:  Uncaught Error: Class "ZipArchive" not found in C:\Xamppp\htdocs\wordpress\wp-content\plugins\wp2static-addon-zip\src\ZipArchiver.php:19
Stack trace:
#0 C:\Xamppp\htdocs\wordpress\wp-content\plugins\wp2static-addon-zip\src\Controller.php(87): WP2StaticZip\ZipArchiver->generateArchive('C:/Xamppp/htdoc...')
#1 C:\Xamppp\htdocs\wordpress\wp-includes\class-wp-hook.php(324): WP2StaticZip\Controller->generateZip('C:/Xamppp/htdoc...', 'wp2static-addon...')
#2 C:\Xamppp\htdocs\wordpress\wp-includes\class-wp-hook.php(348): WP_Hook->apply_filters('', Array)
#3 C:\Xamppp\htdocs\wordpress\wp-includes\plugin.php(517): WP_Hook->do_action(Array)
#4 C:\Xamppp\htdocs\wordpress\wp-content\plugins\wp2static\src\Controller.php(718): do_action('wp2static_deplo...', 'C:/Xamppp/htdoc...', 'wp2static-addon...')
#5 C:\Xamppp\htdocs\wordpress\wp-content\plugins\wp2static\src\Controller.php(811): WP2Static\Controller::wp2staticHeadless()
#6 C:\Xamppp\htdocs\wordpress\wp-includes\class-wp-hook.php(322): WP2Static\Controller::wp2staticRun()
#7 C:\Xamppp\htdocs\wordpress\wp-includes\class-wp-hook.php(348): WP_Hook->apply_filters('', Array)
#8 C:\Xamppp\htdocs\wordpress\wp-includes\plugin.php(517): WP_Hook->do_action(Array)
#9 C:\Xamppp\htdocs\wordpress\wp-admin\admin-ajax.php(192): do_action('wp_ajax_wp2stat...')
#10 {main}
  thrown in C:\Xamppp\htdocs\wordpress\wp-content\plugins\wp2static-addon-zip\src\ZipArchiver.php on line 19
[13-Aug-2024 13:12:06 UTC] PHP Deprecated:  Creation of dynamic property WP2StaticGuzzleHttp\Handler\CurlMultiHandler::$_mh is deprecated in C:\Xamppp\htdocs\wordpress\wp-content\plugins\wp2static\vendor\leonstafford\wp2staticguzzle\src\Handler\CurlMultiHandler.php on line 103
[15-Aug-2024 10:08:49 UTC] Automatic updates starting...
[15-Aug-2024 10:08:49 UTC] PHP Notice:  Function wpdb::prepare was called <strong>incorrectly</strong>. The query argument of wpdb::prepare() must have a placeholder. Please see <a href="https://developer.wordpress.org/advanced-administration/debug/debug-wordpress/">Debugging in WordPress</a> for more information. (This message was added in version 3.9.0.) in C:\Xamppp\htdocs\wordpress\wp-includes\functions.php on line 6085
[15-Aug-2024 10:08:50 UTC]   Automatic theme updates starting...
[15-Aug-2024 10:08:50 UTC]   Automatic theme updates complete.
[15-Aug-2024 10:08:50 UTC] Automatic updates complete.
[15-Aug-2024 10:08:54 UTC] PHP Deprecated:  Function wp_update_https_detection_errors is <strong>deprecated</strong> since version 6.4.0 with no alternative available. in C:\Xamppp\htdocs\wordpress\wp-includes\functions.php on line 6085
[15-Aug-2024 10:09:56 UTC] PHP Notice:  Function wpdb::prepare was called <strong>incorrectly</strong>. The query argument of wpdb::prepare() must have a placeholder. Please see <a href="https://developer.wordpress.org/advanced-administration/debug/debug-wordpress/">Debugging in WordPress</a> for more information. (This message was added in version 3.9.0.) in C:\Xamppp\htdocs\wordpress\wp-includes\functions.php on line 6085
[15-Aug-2024 10:14:09 UTC] PHP Deprecated:  File Theme without header.php is <strong>deprecated</strong> since version 3.0.0 with no alternative available. Please include a header.php template in your theme. in C:\Xamppp\htdocs\wordpress\wp-includes\functions.php on line 6085
[15-Aug-2024 10:14:09 UTC] PHP Deprecated:  File Theme without footer.php is <strong>deprecated</strong> since version 3.0.0 with no alternative available. Please include a footer.php template in your theme. in C:\Xamppp\htdocs\wordpress\wp-includes\functions.php on line 6085
[15-Aug-2024 10:24:09 UTC] PHP Notice:  Function wpdb::prepare was called <strong>incorrectly</strong>. The query argument of wpdb::prepare() must have a placeholder. Please see <a href="https://developer.wordpress.org/advanced-administration/debug/debug-wordpress/">Debugging in WordPress</a> for more information. (This message was added in version 3.9.0.) in C:\Xamppp\htdocs\wordpress\wp-includes\functions.php on line 6085
[15-Aug-2024 10:24:12 UTC] PHP Notice:  Function wpdb::prepare was called <strong>incorrectly</strong>. The query argument of wpdb::prepare() must have a placeholder. Please see <a href="https://developer.wordpress.org/advanced-administration/debug/debug-wordpress/">Debugging in WordPress</a> for more information. (This message was added in version 3.9.0.) in C:\Xamppp\htdocs\wordpress\wp-includes\functions.php on line 6085
[15-Aug-2024 10:24:18 UTC] PHP Deprecated:  Creation of dynamic property WP2StaticGuzzleHttp\Handler\CurlMultiHandler::$_mh is deprecated in C:\Xamppp\htdocs\wordpress\wp-content\plugins\wp2static\vendor\leonstafford\wp2staticguzzle\src\Handler\CurlMultiHandler.php on line 103
[15-Aug-2024 10:26:04 UTC] PHP Notice:  Function wpdb::prepare was called <strong>incorrectly</strong>. The query argument of wpdb::prepare() must have a placeholder. Please see <a href="https://developer.wordpress.org/advanced-administration/debug/debug-wordpress/">Debugging in WordPress</a> for more information. (This message was added in version 3.9.0.) in C:\Xamppp\htdocs\wordpress\wp-includes\functions.php on line 6085
[15-Aug-2024 10:26:04 UTC] PHP Notice:  Function wpdb::prepare was called <strong>incorrectly</strong>. The query argument of wpdb::prepare() must have a placeholder. Please see <a href="https://developer.wordpress.org/advanced-administration/debug/debug-wordpress/">Debugging in WordPress</a> for more information. (This message was added in version 3.9.0.) in C:\Xamppp\htdocs\wordpress\wp-includes\functions.php on line 6085
[15-Aug-2024 10:26:06 UTC] PHP Notice:  Function wpdb::prepare was called <strong>incorrectly</strong>. The query argument of wpdb::prepare() must have a placeholder. Please see <a href="https://developer.wordpress.org/advanced-administration/debug/debug-wordpress/">Debugging in WordPress</a> for more information. (This message was added in version 3.9.0.) in C:\Xamppp\htdocs\wordpress\wp-includes\functions.php on line 6085
[15-Aug-2024 10:26:06 UTC] PHP Notice:  Function wpdb::prepare was called <strong>incorrectly</strong>. The query argument of wpdb::prepare() must have a placeholder. Please see <a href="https://developer.wordpress.org/advanced-administration/debug/debug-wordpress/">Debugging in WordPress</a> for more information. (This message was added in version 3.9.0.) in C:\Xamppp\htdocs\wordpress\wp-includes\functions.php on line 6085
[15-Aug-2024 10:26:08 UTC] PHP Notice:  Function wpdb::prepare was called <strong>incorrectly</strong>. The query argument of wpdb::prepare() must have a placeholder. Please see <a href="https://developer.wordpress.org/advanced-administration/debug/debug-wordpress/">Debugging in WordPress</a> for more information. (This message was added in version 3.9.0.) in C:\Xamppp\htdocs\wordpress\wp-includes\functions.php on line 6085
[15-Aug-2024 10:26:14 UTC] PHP Deprecated:  Creation of dynamic property WP2StaticGuzzleHttp\Handler\CurlMultiHandler::$_mh is deprecated in C:\Xamppp\htdocs\wordpress\wp-content\plugins\wp2static\vendor\leonstafford\wp2staticguzzle\src\Handler\CurlMultiHandler.php on line 103
[15-Aug-2024 10:28:09 UTC] PHP Deprecated:  File Theme without header.php is <strong>deprecated</strong> since version 3.0.0 with no alternative available. Please include a header.php template in your theme. in C:\Xamppp\htdocs\wordpress\wp-includes\functions.php on line 6085
[15-Aug-2024 10:28:09 UTC] PHP Deprecated:  File Theme without footer.php is <strong>deprecated</strong> since version 3.0.0 with no alternative available. Please include a footer.php template in your theme. in C:\Xamppp\htdocs\wordpress\wp-includes\functions.php on line 6085
[15-Aug-2024 10:28:54 UTC] PHP Deprecated:  File Theme without header.php is <strong>deprecated</strong> since version 3.0.0 with no alternative available. Please include a header.php template in your theme. in C:\Xamppp\htdocs\wordpress\wp-includes\functions.php on line 6085
[15-Aug-2024 10:28:54 UTC] PHP Deprecated:  File Theme without footer.php is <strong>deprecated</strong> since version 3.0.0 with no alternative available. Please include a footer.php template in your theme. in C:\Xamppp\htdocs\wordpress\wp-includes\functions.php on line 6085
[15-Aug-2024 10:30:05 UTC] PHP Deprecated:  File Theme without header.php is <strong>deprecated</strong> since version 3.0.0 with no alternative available. Please include a header.php template in your theme. in C:\Xamppp\htdocs\wordpress\wp-includes\functions.php on line 6085
[15-Aug-2024 10:30:06 UTC] PHP Deprecated:  File Theme without footer.php is <strong>deprecated</strong> since version 3.0.0 with no alternative available. Please include a footer.php template in your theme. in C:\Xamppp\htdocs\wordpress\wp-includes\functions.php on line 6085
[15-Aug-2024 10:30:57 UTC] PHP Notice:  Function wpdb::prepare was called <strong>incorrectly</strong>. The query argument of wpdb::prepare() must have a placeholder. Please see <a href="https://developer.wordpress.org/advanced-administration/debug/debug-wordpress/">Debugging in WordPress</a> for more information. (This message was added in version 3.9.0.) in C:\Xamppp\htdocs\wordpress\wp-includes\functions.php on line 6085
[15-Aug-2024 10:30:58 UTC] PHP Notice:  Function wpdb::prepare was called <strong>incorrectly</strong>. The query argument of wpdb::prepare() must have a placeholder. Please see <a href="https://developer.wordpress.org/advanced-administration/debug/debug-wordpress/">Debugging in WordPress</a> for more information. (This message was added in version 3.9.0.) in C:\Xamppp\htdocs\wordpress\wp-includes\functions.php on line 6085
[15-Aug-2024 10:31:04 UTC] PHP Deprecated:  Creation of dynamic property WP2StaticGuzzleHttp\Handler\CurlMultiHandler::$_mh is deprecated in C:\Xamppp\htdocs\wordpress\wp-content\plugins\wp2static\vendor\leonstafford\wp2staticguzzle\src\Handler\CurlMultiHandler.php on line 103
[15-Aug-2024 10:31:08 UTC] PHP Deprecated:  File Theme without header.php is <strong>deprecated</strong> since version 3.0.0 with no alternative available. Please include a header.php template in your theme. in C:\Xamppp\htdocs\wordpress\wp-includes\functions.php on line 6085
[15-Aug-2024 10:31:09 UTC] PHP Deprecated:  File Theme without footer.php is <strong>deprecated</strong> since version 3.0.0 with no alternative available. Please include a footer.php template in your theme. in C:\Xamppp\htdocs\wordpress\wp-includes\functions.php on line 6085
[15-Aug-2024 10:38:11 UTC] PHP Deprecated:  File Theme without header.php is <strong>deprecated</strong> since version 3.0.0 with no alternative available. Please include a header.php template in your theme. in C:\Xamppp\htdocs\wordpress\wp-includes\functions.php on line 6085
[15-Aug-2024 10:38:11 UTC] PHP Deprecated:  File Theme without footer.php is <strong>deprecated</strong> since version 3.0.0 with no alternative available. Please include a footer.php template in your theme. in C:\Xamppp\htdocs\wordpress\wp-includes\functions.php on line 6085
[15-Aug-2024 10:54:19 UTC] Automatic updates starting...
[15-Aug-2024 10:54:19 UTC]   Automatic theme updates starting...
[15-Aug-2024 10:54:19 UTC]   Automatic theme updates complete.
[15-Aug-2024 10:54:19 UTC] Automatic updates complete.
[15-Aug-2024 11:01:07 UTC] PHP Notice:  Function wpdb::prepare was called <strong>incorrectly</strong>. The query argument of wpdb::prepare() must have a placeholder. Please see <a href="https://developer.wordpress.org/advanced-administration/debug/debug-wordpress/">Debugging in WordPress</a> for more information. (This message was added in version 3.9.0.) in C:\Xamppp\htdocs\wordpress\wp-includes\functions.php on line 6085
[15-Aug-2024 11:01:18 UTC] PHP Notice:  Function wpdb::prepare was called <strong>incorrectly</strong>. The query argument of wpdb::prepare() must have a placeholder. Please see <a href="https://developer.wordpress.org/advanced-administration/debug/debug-wordpress/">Debugging in WordPress</a> for more information. (This message was added in version 3.9.0.) in C:\Xamppp\htdocs\wordpress\wp-includes\functions.php on line 6085
[15-Aug-2024 11:01:22 UTC] PHP Notice:  Function wpdb::prepare was called <strong>incorrectly</strong>. The query argument of wpdb::prepare() must have a placeholder. Please see <a href="https://developer.wordpress.org/advanced-administration/debug/debug-wordpress/">Debugging in WordPress</a> for more information. (This message was added in version 3.9.0.) in C:\Xamppp\htdocs\wordpress\wp-includes\functions.php on line 6085
[15-Aug-2024 11:01:31 UTC] PHP Deprecated:  Creation of dynamic property WP2StaticGuzzleHttp\Handler\CurlMultiHandler::$_mh is deprecated in C:\Xamppp\htdocs\wordpress\wp-content\plugins\wp2static\vendor\leonstafford\wp2staticguzzle\src\Handler\CurlMultiHandler.php on line 103
[15-Aug-2024 11:01:35 UTC] PHP Deprecated:  File Theme without header.php is <strong>deprecated</strong> since version 3.0.0 with no alternative available. Please include a header.php template in your theme. in C:\Xamppp\htdocs\wordpress\wp-includes\functions.php on line 6085
[15-Aug-2024 11:01:35 UTC] PHP Deprecated:  File Theme without footer.php is <strong>deprecated</strong> since version 3.0.0 with no alternative available. Please include a footer.php template in your theme. in C:\Xamppp\htdocs\wordpress\wp-includes\functions.php on line 6085
[15-Aug-2024 11:02:24 UTC] PHP Warning:  Undefined array key "url" in C:\Xamppp\htdocs\wordpress\wp-includes\cron.php on line 949
[15-Aug-2024 11:02:24 UTC] PHP Warning:  Undefined array key "args" in C:\Xamppp\htdocs\wordpress\wp-includes\cron.php on line 949
[15-Aug-2024 11:02:24 UTC] PHP Deprecated:  parse_url(): Passing null to parameter #1 ($url) of type string is deprecated in C:\Xamppp\htdocs\wordpress\wp-includes\class-wp-http.php on line 274
[15-Aug-2024 11:04:25 UTC] PHP Warning:  Undefined array key "url" in C:\Xamppp\htdocs\wordpress\wp-includes\cron.php on line 949
[15-Aug-2024 11:04:25 UTC] PHP Warning:  Undefined array key "args" in C:\Xamppp\htdocs\wordpress\wp-includes\cron.php on line 949
[15-Aug-2024 11:04:25 UTC] PHP Deprecated:  parse_url(): Passing null to parameter #1 ($url) of type string is deprecated in C:\Xamppp\htdocs\wordpress\wp-includes\class-wp-http.php on line 274
[15-Aug-2024 11:06:26 UTC] PHP Warning:  Undefined array key "url" in C:\Xamppp\htdocs\wordpress\wp-includes\cron.php on line 949
[15-Aug-2024 11:06:26 UTC] PHP Warning:  Undefined array key "args" in C:\Xamppp\htdocs\wordpress\wp-includes\cron.php on line 949
[15-Aug-2024 11:06:26 UTC] PHP Deprecated:  parse_url(): Passing null to parameter #1 ($url) of type string is deprecated in C:\Xamppp\htdocs\wordpress\wp-includes\class-wp-http.php on line 274
[15-Aug-2024 11:08:27 UTC] PHP Warning:  Undefined array key "url" in C:\Xamppp\htdocs\wordpress\wp-includes\cron.php on line 949
[15-Aug-2024 11:08:27 UTC] PHP Warning:  Undefined array key "args" in C:\Xamppp\htdocs\wordpress\wp-includes\cron.php on line 949
[15-Aug-2024 11:08:27 UTC] PHP Deprecated:  parse_url(): Passing null to parameter #1 ($url) of type string is deprecated in C:\Xamppp\htdocs\wordpress\wp-includes\class-wp-http.php on line 274
